<?xml version="1.0" encoding="UTF-8"?>
<testng-results ignored="0" total="6" passed="6" failed="0" skipped="0">
  <reporter-output>
  </reporter-output>
  <suite started-at="2022-01-09T11:45:03 IST" name="Surefire suite" finished-at="2022-01-09T11:45:03 IST" duration-ms="38">
    <groups>
    </groups>
    <test started-at="2022-01-09T11:45:03 IST" name="Surefire test" finished-at="2022-01-09T11:45:03 IST" duration-ms="38">
      <class name="qaclickacademy.AppiumTest">
        <test-method signature="IOSApps()[pri:0, instance:qaclickacademy.AppiumTest@78b1cc93]" started-at="2022-01-09T11:45:03 IST" name="IOSApps" finished-at="2022-01-09T11:45:03 IST" duration-ms="5" status="PASS">
          <reporter-output>
          </reporter-output>
        </test-method> <!-- IOSApps -->
        <test-method signature="NativeAppAndroid()[pri:0, instance:qaclickacademy.AppiumTest@78b1cc93]" started-at="2022-01-09T11:45:03 IST" name="NativeAppAndroid" finished-at="2022-01-09T11:45:03 IST" duration-ms="1" status="PASS">
          <reporter-output>
          </reporter-output>
        </test-method> <!-- NativeAppAndroid -->
      </class> <!-- qaclickacademy.AppiumTest -->
      <class name="qaclickacademy.RESTAPITest">
        <test-method signature="deleteTwitter()[pri:0, instance:qaclickacademy.RESTAPITest@2aa5fe93]" started-at="2022-01-09T11:45:03 IST" name="deleteTwitter" finished-at="2022-01-09T11:45:03 IST" duration-ms="0" status="PASS">
          <reporter-output>
          </reporter-output>
        </test-method> <!-- deleteTwitter -->
        <test-method signature="postJira()[pri:0, instance:qaclickacademy.RESTAPITest@2aa5fe93]" started-at="2022-01-09T11:45:03 IST" name="postJira" finished-at="2022-01-09T11:45:03 IST" duration-ms="0" status="PASS">
          <reporter-output>
          </reporter-output>
        </test-method> <!-- postJira -->
      </class> <!-- qaclickacademy.RESTAPITest -->
      <class name="qaclickacademy.SeleniumTest">
        <test-method signature="BrowserAutomation()[pri:0, instance:qaclickacademy.SeleniumTest@5c1a8622]" started-at="2022-01-09T11:45:03 IST" name="BrowserAutomation" finished-at="2022-01-09T11:45:03 IST" duration-ms="1" status="PASS">
          <reporter-output>
          </reporter-output>
        </test-method> <!-- BrowserAutomation -->
        <test-method signature="elementsUi()[pri:0, instance:qaclickacademy.SeleniumTest@5c1a8622]" started-at="2022-01-09T11:45:03 IST" name="elementsUi" finished-at="2022-01-09T11:45:03 IST" duration-ms="0" status="PASS">
          <reporter-output>
          </reporter-output>
        </test-method> <!-- elementsUi -->
      </class> <!-- qaclickacademy.SeleniumTest -->
    </test> <!-- Surefire test -->
  </suite> <!-- Surefire suite -->
</testng-results>
